int -> 0
identifier -> 97
identifier -> 98
identifier -> 99
=  -> 0
intConstant -> -1
; -> 0
string -> 0
identifier -> 11
=  -> 0
strConstant -> -2
scan -> 0
( -> 0
identifier -> 97
; -> 0
scan -> 0
( -> 0
identifier -> 98
; -> 0
scan -> 0
( -> 0
identifier -> 99
; -> 0
int -> 0
identifier -> 108
=  -> 0
identifier -> 97
if -> 0
( -> 0
identifier -> 98
> -> 0
identifier -> 108
{ -> 0
identifier -> 108
=  -> 0
identifier -> 98
} -> 0
; -> 0
if -> 0
( -> 0
identifier -> 99
> -> 0
identifier -> 108
{ -> 0
identifier -> 108
=  -> 0
identifier -> 99
} -> 0
; -> 0
print -> 0
( -> 0
identifier -> 108
; -> 0
